[    44.015] (--) Log file renamed from "/home/ifeanyi/.local/share/xorg/Xorg.pid-990.log" to "/home/ifeanyi/.local/share/xorg/Xorg.0.log"
[    44.016] 
X.Org X Server 1.19.6
Release Date: 2017-12-20
[    44.016] X Protocol Version 11, Revision 0
[    44.016] Build Operating System: Linux 4.4.0-138-generic x86_64 Ubuntu
[    44.016] Current Operating System: Linux ifeanyi-HP-250-G1-Notebook-PC 4.15.0-43-generic #46-Ubuntu SMP Thu Dec 6 14:45:28 UTC 2018 x86_64
[    44.016] Kernel command line: BOOT_IMAGE=/boot/vmlinuz-4.15.0-43-generic root=UUID=fd46d562-b5d7-4f9f-b2bd-08d14208cec8 ro quiet splash vt.handoff=1
[    44.016] Build Date: 25 October 2018  04:11:27PM
[    44.016] xorg-server 2:1.19.6-1ubuntu4.2 (For technical support please see http://www.ubuntu.com/support) 
[    44.016] Current version of pixman: 0.34.0
[    44.016] 	Before reporting problems, check http://wiki.x.org
	to make sure that you have the latest version.
[    44.016] Markers: (--) probed, (**) from config file, (==) default setting,
	(++) from command line, (!!) notice, (II) informational,
	(WW) warning, (EE) error, (NI) not implemented, (??) unknown.
[    44.016] (==) Log file: "/home/ifeanyi/.local/share/xorg/Xorg.0.log", Time: Tue Jan  8 11:59:28 2019
[    44.033] (==) Using system config directory "/usr/share/X11/xorg.conf.d"
[    44.034] (==) No Layout section.  Using the first Screen section.
[    44.034] (==) No screen section available. Using defaults.
[    44.034] (**) |-->Screen "Default Screen Section" (0)
[    44.034] (**) |   |-->Monitor "<default monitor>"
[    44.034] (==) No monitor specified for screen "Default Screen Section".
	Using a default monitor configuration.
[    44.034] (==) Automatically adding devices
[    44.034] (==) Automatically enabling devices
[    44.034] (==) Automatically adding GPU devices
[    44.034] (==) Automatically binding GPU devices
[    44.034] (==) Max clients allowed: 256, resource mask: 0x1fffff
[    44.034] (WW) The directory "/usr/share/fonts/X11/cyrillic" does not exist.
[    44.034] 	Entry deleted from font path.
[    44.034] (WW) The directory "/usr/share/fonts/X11/100dpi/" does not exist.
[    44.034] 	Entry deleted from font path.
[    44.034] (WW) The directory "/usr/share/fonts/X11/75dpi/" does not exist.
[    44.034] 	Entry deleted from font path.
[    44.034] (WW) The directory "/usr/share/fonts/X11/100dpi" does not exist.
[    44.034] 	Entry deleted from font path.
[    44.034] (WW) The directory "/usr/share/fonts/X11/75dpi" does not exist.
[    44.034] 	Entry deleted from font path.
[    44.034] (==) FontPath set to:
	/usr/share/fonts/X11/misc,
	/usr/share/fonts/X11/Type1,
	built-ins
[    44.034] (==) ModulePath set to "/usr/lib/xorg/modules"
[    44.034] (II) The server relies on udev to provide the list of input devices.
	If no devices become available, reconfigure udev or disable AutoAddDevices.
[    44.034] (II) Loader magic: 0x556b25afe020
[    44.034] (II) Module ABI versions:
[    44.034] 	X.Org ANSI C Emulation: 0.4
[    44.034] 	X.Org Video Driver: 23.0
[    44.034] 	X.Org XInput driver : 24.1
[    44.034] 	X.Org Server Extension : 10.0
[    44.035] (++) using VT number 2

[    44.037] (II) systemd-logind: took control of session /org/freedesktop/login1/session/_32
[    44.037] (II) xfree86: Adding drm device (/dev/dri/card0)
[    44.038] (II) systemd-logind: got fd for /dev/dri/card0 226:0 fd 12 paused 0
[    44.040] (--) PCI:*(0:0:2:0) 8086:0156:103c:1854 rev 9, Mem @ 0xc2000000/4194304, 0xb0000000/268435456, I/O @ 0x00004000/64, BIOS @ 0x????????/131072
[    44.040] (II) LoadModule: "glx"
[    44.040] (II) Loading /usr/lib/xorg/modules/extensions/libglx.so
[    44.041] (II) Module glx: vendor="X.Org Foundation"
[    44.041] 	compiled for 1.19.6, module version = 1.0.0
[    44.041] 	ABI class: X.Org Server Extension, version 10.0
[    44.041] (==) Matched modesetting as autoconfigured driver 0
[    44.041] (==) Matched fbdev as autoconfigured driver 1
[    44.041] (==) Matched vesa as autoconfigured driver 2
[    44.041] (==) Assigned the driver to the xf86ConfigLayout
[    44.041] (II) LoadModule: "modesetting"
[    44.042] (II) Loading /usr/lib/xorg/modules/drivers/modesetting_drv.so
[    44.042] (II) Module modesetting: vendor="X.Org Foundation"
[    44.042] 	compiled for 1.19.6, module version = 1.19.6
[    44.042] 	Module class: X.Org Video Driver
[    44.042] 	ABI class: X.Org Video Driver, version 23.0
[    44.042] (II) LoadModule: "fbdev"
[    44.042] (II) Loading /usr/lib/xorg/modules/drivers/fbdev_drv.so
[    44.042] (II) Module fbdev: vendor="X.Org Foundation"
[    44.042] 	compiled for 1.19.3, module version = 0.4.4
[    44.042] 	Module class: X.Org Video Driver
[    44.042] 	ABI class: X.Org Video Driver, version 23.0
[    44.042] (II) LoadModule: "vesa"
[    44.042] (II) Loading /usr/lib/xorg/modules/drivers/vesa_drv.so
[    44.042] (II) Module vesa: vendor="X.Org Foundation"
[    44.042] 	compiled for 1.19.3, module version = 2.3.4
[    44.042] 	Module class: X.Org Video Driver
[    44.042] 	ABI class: X.Org Video Driver, version 23.0
[    44.042] (II) modesetting: Driver for Modesetting Kernel Drivers: kms
[    44.042] (II) FBDEV: driver for framebuffer: fbdev
[    44.042] (II) VESA: driver for VESA chipsets: vesa
[    44.042] xf86EnableIOPorts: failed to set IOPL for I/O (Operation not permitted)
[    44.042] (II) modeset(0): using drv /dev/dri/card0
[    44.042] (WW) Falling back to old probe method for fbdev
[    44.042] (II) Loading sub module "fbdevhw"
[    44.042] (II) LoadModule: "fbdevhw"
[    44.042] (II) Loading /usr/lib/xorg/modules/libfbdevhw.so
[    44.042] (II) Module fbdevhw: vendor="X.Org Foundation"
[    44.042] 	compiled for 1.19.6, module version = 0.0.2
[    44.042] 	ABI class: X.Org Video Driver, version 23.0
[    44.042] (EE) open /dev/fb0: Permission denied
[    44.042] (WW) Falling back to old probe method for vesa
[    44.042] (WW) VGA arbiter: cannot open kernel arbiter, no multi-card support
[    44.043] (II) modeset(0): Creating default Display subsection in Screen section
	"Default Screen Section" for depth/fbbpp 24/32
[    44.043] (==) modeset(0): Depth 24, (==) framebuffer bpp 32
[    44.043] (==) modeset(0): RGB weight 888
[    44.043] (==) modeset(0): Default visual is TrueColor
[    44.043] (II) Loading sub module "glamoregl"
[    44.043] (II) LoadModule: "glamoregl"
[    44.043] (II) Loading /usr/lib/xorg/modules/libglamoregl.so
[    44.046] (II) Module glamoregl: vendor="X.Org Foundation"
[    44.046] 	compiled for 1.19.6, module version = 1.0.0
[    44.046] 	ABI class: X.Org ANSI C Emulation, version 0.4
[    44.046] (II) glamor: OpenGL accelerated X.org driver based.
[    44.059] (II) glamor: EGL version 1.4 (DRI2):
[    44.064] (II) modeset(0): glamor initialized
[    44.064] (II) modeset(0): Output LVDS-1 has no monitor section
[    44.068] (II) modeset(0): Output VGA-1 has no monitor section
[    44.078] (II) modeset(0): Output HDMI-1 has no monitor section
[    44.078] (II) modeset(0): Output DP-1 has no monitor section
[    44.083] (II) modeset(0): EDID for output LVDS-1
[    44.083] (II) modeset(0): Manufacturer: SEC  Model: 325a  Serial#: 0
[    44.083] (II) modeset(0): Year: 2012  Week: 0
[    44.083] (II) modeset(0): EDID Version: 1.4
[    44.083] (II) modeset(0): Digital Display Input
[    44.083] (II) modeset(0): 6 bits per channel
[    44.083] (II) modeset(0): Digital interface is undefined
[    44.083] (II) modeset(0): Max Image Size [cm]: horiz.: 34  vert.: 19
[    44.083] (II) modeset(0): Gamma: 2.20
[    44.083] (II) modeset(0): No DPMS capabilities specified
[    44.083] (II) modeset(0): Supported color encodings: RGB 4:4:4 YCrCb 4:4:4 
[    44.083] (II) modeset(0): First detailed timing is preferred mode
[    44.083] (II) modeset(0): Preferred mode is native pixel format and refresh rate
[    44.083] (II) modeset(0): redX: 0.580 redY: 0.340   greenX: 0.310 greenY: 0.550
[    44.083] (II) modeset(0): blueX: 0.155 blueY: 0.155   whiteX: 0.313 whiteY: 0.329
[    44.083] (II) modeset(0): Manufacturer's mask: 0
[    44.083] (II) modeset(0): Supported detailed timing:
[    44.083] (II) modeset(0): clock: 76.3 MHz   Image Size:  344 x 194 mm
[    44.083] (II) modeset(0): h_active: 1366  h_sync: 1430  h_sync_end 1478 h_blank_end 1606 h_border: 0
[    44.083] (II) modeset(0): v_active: 768  v_sync: 770  v_sync_end 775 v_blanking: 792 v_border: 0
[    44.083] (II) modeset(0): Supported detailed timing:
[    44.083] (II) modeset(0): clock: 50.8 MHz   Image Size:  344 x 194 mm
[    44.083] (II) modeset(0): h_active: 1366  h_sync: 1430  h_sync_end 1478 h_blank_end 1606 h_border: 0
[    44.083] (II) modeset(0): v_active: 768  v_sync: 770  v_sync_end 775 v_blanking: 792 v_border: 0
[    44.083] (II) modeset(0): Unknown vendor-specific block 2
[    44.083] (II) modeset(0): EDID (in hex):
[    44.083] (II) modeset(0): 	00ffffffffffff004ca35a3200000000
[    44.083] (II) modeset(0): 	00160104902213780a87f594574f8c27
[    44.083] (II) modeset(0): 	27505400000001010101010101010101
[    44.083] (II) modeset(0): 	010101010101ce1d56f0500018304030
[    44.083] (II) modeset(0): 	250058c210000019d81356f050001830
[    44.083] (II) modeset(0): 	4030250058c210000019000000000000
[    44.083] (II) modeset(0): 	00000000000000000000000000000002
[    44.083] (II) modeset(0): 	000c42f20c4c64151e326e00000000d2
[    44.084] (II) modeset(0): Printing probed modes for output LVDS-1
[    44.084] (II) modeset(0): Modeline "1366x768"x60.0   76.30  1366 1430 1478 1606  768 770 775 792 -hsync -vsync (47.5 kHz eP)
[    44.084] (II) modeset(0): Modeline "1366x768"x39.9   50.80  1366 1430 1478 1606  768 770 775 792 -hsync -vsync (31.6 kHz e)
[    44.084] (II) modeset(0): Modeline "1360x768"x59.8   84.75  1360 1432 1568 1776  768 771 781 798 -hsync +vsync (47.7 kHz d)
[    44.084] (II) modeset(0): Modeline "1360x768"x60.0   72.00  1360 1408 1440 1520  768 771 781 790 +hsync -vsync (47.4 kHz d)
[    44.084] (II) modeset(0): Modeline "1280x720"x120.0  156.12  1280 1376 1512 1744  720 721 724 746 doublescan -hsync +vsync (89.5 kHz d)
[    44.084] (II) modeset(0): Modeline "1280x720"x120.0  120.75  1280 1304 1320 1360  720 721 724 740 doublescan +hsync -vsync (88.8 kHz d)
[    44.084] (II) modeset(0): Modeline "1280x720"x59.9   74.50  1280 1344 1472 1664  720 723 728 748 -hsync +vsync (44.8 kHz d)
[    44.084] (II) modeset(0): Modeline "1280x720"x59.7   63.75  1280 1328 1360 1440  720 723 728 741 +hsync -vsync (44.3 kHz d)
[    44.084] (II) modeset(0): Modeline "1024x768"x120.1  133.47  1024 1100 1212 1400  768 768 770 794 doublescan -hsync +vsync (95.3 kHz d)
[    44.084] (II) modeset(0): Modeline "1024x768"x60.0   65.00  1024 1048 1184 1344  768 771 777 806 -hsync -vsync (48.4 kHz d)
[    44.084] (II) modeset(0): Modeline "960x720"x120.0  117.00  960 1024 1128 1300  720 720 722 750 doublescan -hsync +vsync (90.0 kHz d)
[    44.084] (II) modeset(0): Modeline "928x696"x120.1  109.15  928 976 1088 1264  696 696 698 719 doublescan -hsync +vsync (86.4 kHz d)
[    44.084] (II) modeset(0): Modeline "896x672"x120.0  102.40  896 960 1060 1224  672 672 674 697 doublescan -hsync +vsync (83.7 kHz d)
[    44.084] (II) modeset(0): Modeline "1024x576"x119.9   98.50  1024 1092 1200 1376  576 577 580 597 doublescan -hsync +vsync (71.6 kHz d)
[    44.084] (II) modeset(0): Modeline "1024x576"x119.9   78.38  1024 1048 1064 1104  576 577 580 592 doublescan +hsync -vsync (71.0 kHz d)
[    44.084] (II) modeset(0): Modeline "1024x576"x59.9   46.50  1024 1064 1160 1296  576 579 584 599 -hsync +vsync (35.9 kHz d)
[    44.084] (II) modeset(0): Modeline "1024x576"x59.8   42.00  1024 1072 1104 1184  576 579 584 593 +hsync -vsync (35.5 kHz d)
[    44.084] (II) modeset(0): Modeline "960x600"x119.9   96.62  960 1028 1128 1296  600 601 604 622 doublescan -hsync +vsync (74.6 kHz d)
[    44.084] (II) modeset(0): Modeline "960x600"x120.0   77.00  960 984 1000 1040  600 601 604 617 doublescan +hsync -vsync (74.0 kHz d)
[    44.084] (II) modeset(0): Modeline "960x540"x119.9   86.50  960 1024 1124 1288  540 541 544 560 doublescan -hsync +vsync (67.2 kHz d)
[    44.084] (II) modeset(0): Modeline "960x540"x120.0   69.25  960 984 1000 1040  540 541 544 555 doublescan +hsync -vsync (66.6 kHz d)
[    44.084] (II) modeset(0): Modeline "960x540"x59.6   40.75  960 992 1088 1216  540 543 548 562 -hsync +vsync (33.5 kHz d)
[    44.084] (II) modeset(0): Modeline "960x540"x59.8   37.25  960 1008 1040 1120  540 543 548 556 +hsync -vsync (33.3 kHz d)
[    44.084] (II) modeset(0): Modeline "800x600"x120.0   81.00  800 832 928 1080  600 600 602 625 doublescan +hsync +vsync (75.0 kHz d)
[    44.084] (II) modeset(0): Modeline "800x600"x60.3   40.00  800 840 968 1056  600 601 605 628 +hsync +vsync (37.9 kHz d)
[    44.084] (II) modeset(0): Modeline "800x600"x56.2   36.00  800 824 896 1024  600 601 603 625 +hsync +vsync (35.2 kHz d)
[    44.084] (II) modeset(0): Modeline "840x525"x120.0   73.12  840 892 980 1120  525 526 529 544 doublescan -hsync +vsync (65.3 kHz d)
[    44.084] (II) modeset(0): Modeline "840x525"x119.8   59.50  840 864 880 920  525 526 529 540 doublescan +hsync -vsync (64.7 kHz d)
[    44.084] (II) modeset(0): Modeline "864x486"x59.9   32.50  864 888 968 1072  486 489 494 506 -hsync +vsync (30.3 kHz d)
[    44.084] (II) modeset(0): Modeline "864x486"x59.6   30.50  864 912 944 1024  486 489 494 500 +hsync -vsync (29.8 kHz d)
[    44.084] (II) modeset(0): Modeline "800x512"x120.3   51.56  800 800 828 832  512 512 514 515 doublescan +hsync +vsync (62.0 kHz d)
[    44.084] (II) modeset(0): Modeline "700x525"x120.0   61.00  700 744 820 940  525 526 532 541 doublescan +hsync +vsync (64.9 kHz d)
[    44.084] (II) modeset(0): Modeline "800x450"x119.9   59.12  800 848 928 1056  450 451 454 467 doublescan -hsync +vsync (56.0 kHz d)
[    44.084] (II) modeset(0): Modeline "800x450"x119.6   48.75  800 824 840 880  450 451 454 463 doublescan +hsync -vsync (55.4 kHz d)
[    44.084] (II) modeset(0): Modeline "640x512"x120.0   54.00  640 664 720 844  512 512 514 533 doublescan +hsync +vsync (64.0 kHz d)
[    44.084] (II) modeset(0): Modeline "720x450"x119.8   53.25  720 760 836 952  450 451 454 467 doublescan -hsync +vsync (55.9 kHz d)
[    44.084] (II) modeset(0): Modeline "700x450"x119.9   51.75  700 740 812 924  450 451 456 467 doublescan -hsync +vsync (56.0 kHz d)
[    44.084] (II) modeset(0): Modeline "700x450"x119.8   43.25  700 724 740 780  450 451 456 463 doublescan +hsync -vsync (55.4 kHz d)
[    44.084] (II) modeset(0): Modeline "640x480"x120.0   54.00  640 688 744 900  480 480 482 500 doublescan +hsync +vsync (60.0 kHz d)
[    44.084] (II) modeset(0): Modeline "640x480"x59.9   25.18  640 656 752 800  480 490 492 525 -hsync -vsync (31.5 kHz d)
[    44.084] (II) modeset(0): Modeline "720x405"x59.5   22.50  720 744 808 896  405 408 413 422 -hsync +vsync (25.1 kHz d)
[    44.084] (II) modeset(0): Modeline "720x405"x59.0   21.75  720 768 800 880  405 408 413 419 +hsync -vsync (24.7 kHz d)
[    44.084] (II) modeset(0): Modeline "684x384"x119.8   42.62  684 720 788 892  384 385 390 399 doublescan -hsync +vsync (47.8 kHz d)
[    44.084] (II) modeset(0): Modeline "684x384"x119.7   36.12  684 708 724 764  384 385 390 395 doublescan +hsync -vsync (47.3 kHz d)
[    44.084] (II) modeset(0): Modeline "680x384"x119.6   42.38  680 716 784 888  384 385 390 399 doublescan -hsync +vsync (47.7 kHz d)
[    44.084] (II) modeset(0): Modeline "680x384"x119.9   36.00  680 704 720 760  384 385 390 395 doublescan +hsync -vsync (47.4 kHz d)
[    44.084] (II) modeset(0): Modeline "640x400"x119.8   41.75  640 676 740 840  400 401 404 415 doublescan -hsync +vsync (49.7 kHz d)
[    44.084] (II) modeset(0): Modeline "640x400"x120.0   35.50  640 664 680 720  400 401 404 411 doublescan +hsync -vsync (49.3 kHz d)
[    44.084] (II) modeset(0): Modeline "576x432"x120.1   40.81  576 608 668 760  432 432 434 447 doublescan -hsync +vsync (53.7 kHz d)
[    44.084] (II) modeset(0): Modeline "640x360"x119.7   37.25  640 672 736 832  360 361 364 374 doublescan -hsync +vsync (44.8 kHz d)
[    44.084] (II) modeset(0): Modeline "640x360"x119.7   31.88  640 664 680 720  360 361 364 370 doublescan +hsync -vsync (44.3 kHz d)
[    44.084] (II) modeset(0): Modeline "640x360"x59.8   18.00  640 664 720 800  360 363 368 376 -hsync +vsync (22.5 kHz d)
[    44.084] (II) modeset(0): Modeline "640x360"x59.3   17.75  640 688 720 800  360 363 368 374 +hsync -vsync (22.2 kHz d)
[    44.084] (II) modeset(0): Modeline "512x384"x120.0   32.50  512 524 592 672  384 385 388 403 doublescan -hsync -vsync (48.4 kHz d)
[    44.084] (II) modeset(0): Modeline "512x288"x120.0   23.25  512 532 580 648  288 289 292 299 doublescan -hsync +vsync (35.9 kHz d)
[    44.084] (II) modeset(0): Modeline "512x288"x119.8   21.00  512 536 552 592  288 289 292 296 doublescan +hsync -vsync (35.5 kHz d)
[    44.084] (II) modeset(0): Modeline "480x270"x119.3   20.38  480 496 544 608  270 271 274 281 doublescan -hsync +vsync (33.5 kHz d)
[    44.084] (II) modeset(0): Modeline "480x270"x119.6   18.62  480 504 520 560  270 271 274 278 doublescan +hsync -vsync (33.3 kHz d)
[    44.084] (II) modeset(0): Modeline "400x300"x120.6   20.00  400 420 484 528  300 300 302 314 doublescan +hsync +vsync (37.9 kHz d)
[    44.084] (II) modeset(0): Modeline "400x300"x112.7   18.00  400 412 448 512  300 300 301 312 doublescan +hsync +vsync (35.2 kHz d)
[    44.084] (II) modeset(0): Modeline "432x243"x119.8   16.25  432 444 484 536  243 244 247 253 doublescan -hsync +vsync (30.3 kHz d)
[    44.084] (II) modeset(0): Modeline "432x243"x119.1   15.25  432 456 472 512  243 244 247 250 doublescan +hsync -vsync (29.8 kHz d)
[    44.084] (II) modeset(0): Modeline "320x240"x120.1   12.59  320 328 376 400  240 245 246 262 doublescan -hsync -vsync (31.5 kHz d)
[    44.084] (II) modeset(0): Modeline "360x202"x119.0   11.25  360 372 404 448  202 204 206 211 doublescan -hsync +vsync (25.1 kHz d)
[    44.084] (II) modeset(0): Modeline "360x202"x118.3   10.88  360 384 400 440  202 204 206 209 doublescan +hsync -vsync (24.7 kHz d)
[    44.084] (II) modeset(0): Modeline "320x180"x119.7    9.00  320 332 360 400  180 181 184 188 doublescan -hsync +vsync (22.5 kHz d)
[    44.084] (II) modeset(0): Modeline "320x180"x118.6    8.88  320 344 360 400  180 181 184 187 doublescan +hsync -vsync (22.2 kHz d)
[    44.089] (II) modeset(0): EDID for output VGA-1
[    44.098] (II) modeset(0): EDID for output HDMI-1
[    44.098] (II) modeset(0): EDID for output DP-1
[    44.098] (II) modeset(0): Output LVDS-1 connected
[    44.098] (II) modeset(0): Output VGA-1 disconnected
[    44.098] (II) modeset(0): Output HDMI-1 disconnected
[    44.098] (II) modeset(0): Output DP-1 disconnected
[    44.098] (II) modeset(0): Using exact sizes for initial modes
[    44.098] (II) modeset(0): Output LVDS-1 using initial mode 1366x768 +0+0
[    44.098] (==) modeset(0): Using gamma correction (1.0, 1.0, 1.0)
[    44.098] (==) modeset(0): DPI set to (96, 96)
[    44.098] (II) Loading sub module "fb"
[    44.098] (II) LoadModule: "fb"
[    44.098] (II) Loading /usr/lib/xorg/modules/libfb.so
[    44.098] (II) Module fb: vendor="X.Org Foundation"
[    44.098] 	compiled for 1.19.6, module version = 1.0.0
[    44.098] 	ABI class: X.Org ANSI C Emulation, version 0.4
[    44.098] (II) UnloadModule: "fbdev"
[    44.098] (II) Unloading fbdev
[    44.098] (II) UnloadSubModule: "fbdevhw"
[    44.098] (II) Unloading fbdevhw
[    44.098] (II) UnloadModule: "vesa"
[    44.098] (II) Unloading vesa
[    44.098] (==) Depth 24 pixmap format is 32 bpp
[    44.202] (==) modeset(0): Backing store enabled
[    44.202] (==) modeset(0): Silken mouse enabled
[    44.202] (II) modeset(0): RandR 1.2 enabled, ignore the following RandR disabled message.
[    44.234] (==) modeset(0): DPMS enabled
[    44.235] (II) modeset(0): [DRI2] Setup complete
[    44.235] (II) modeset(0): [DRI2]   DRI driver: i965
[    44.235] (II) modeset(0): [DRI2]   VDPAU driver: i965
[    44.235] (--) RandR disabled
[    44.249] (II) SELinux: Disabled on system
[    44.258] (II) AIGLX: enabled GLX_MESA_copy_sub_buffer
[    44.258] (II) AIGLX: enabled GLX_ARB_create_context
[    44.258] (II) AIGLX: enabled GLX_ARB_create_context_profile
[    44.258] (II) AIGLX: enabled GLX_EXT_create_context_es{,2}_profile
[    44.258] (II) AIGLX: enabled GLX_INTEL_swap_event
[    44.258] (II) AIGLX: enabled GLX_SGI_swap_control
[    44.258] (II) AIGLX: enabled GLX_EXT_framebuffer_sRGB
[    44.258] (II) AIGLX: enabled GLX_ARB_fbconfig_float
[    44.258] (II) AIGLX: enabled GLX_EXT_fbconfig_packed_float
[    44.258] (II) AIGLX: GLX_EXT_texture_from_pixmap backed by buffer objects
[    44.258] (II) AIGLX: enabled GLX_ARB_create_context_robustness
[    44.259] (II) AIGLX: Loaded and initialized i965
[    44.259] (II) GLX: Initialized DRI2 GL provider for screen 0
[    44.261] (II) modeset(0): Damage tracking initialized
[    44.261] (II) modeset(0): Setting screen physical size to 361 x 203
[    44.301] (II) config/udev: Adding input device Power Button (/dev/input/event2)
[    44.301] (**) Power Button: Applying InputClass "libinput keyboard catchall"
[    44.301] (II) LoadModule: "libinput"
[    44.301] (II) Loading /usr/lib/xorg/modules/input/libinput_drv.so
[    44.303] (II) Module libinput: vendor="X.Org Foundation"
[    44.303] 	compiled for 1.19.6, module version = 0.27.1
[    44.303] 	Module class: X.Org XInput Driver
[    44.303] 	ABI class: X.Org XInput driver, version 24.1
[    44.303] (II) Using input driver 'libinput' for 'Power Button'
[    44.304] (II) systemd-logind: got fd for /dev/input/event2 13:66 fd 21 paused 0
[    44.304] (**) Power Button: always reports core events
[    44.304] (**) Option "Device" "/dev/input/event2"
[    44.304] (**) Option "_source" "server/udev"
[    44.305] (II) event2  - Power Button: is tagged by udev as: Keyboard
[    44.305] (II) event2  - Power Button: device is a keyboard
[    44.305] (II) event2  - Power Button: device removed
[    44.306] (**) Option "config_info" "udev:/sys/devices/LNXSYSTM:00/LNXPWRBN:00/input/input2/event2"
[    44.306] (II) XINPUT: Adding extended input device "Power Button" (type: KEYBOARD, id 6)
[    44.306] (**) Option "xkb_model" "pc105"
[    44.306] (**) Option "xkb_layout" "us"
[    44.306] (II) event2  - Power Button: is tagged by udev as: Keyboard
[    44.306] (II) event2  - Power Button: device is a keyboard
[    44.307] (II) config/udev: Adding input device Video Bus (/dev/input/event4)
[    44.307] (**) Video Bus: Applying InputClass "libinput keyboard catchall"
[    44.307] (II) Using input driver 'libinput' for 'Video Bus'
[    44.313] (II) systemd-logind: got fd for /dev/input/event4 13:68 fd 24 paused 0
[    44.313] (**) Video Bus: always reports core events
[    44.313] (**) Option "Device" "/dev/input/event4"
[    44.314] (**) Option "_source" "server/udev"
[    44.314] (II) event4  - Video Bus: is tagged by udev as: Keyboard
[    44.314] (II) event4  - Video Bus: device is a keyboard
[    44.314] (II) event4  - Video Bus: device removed
[    44.314] (**) Option "config_info" "udev:/sys/devices/LNXSYSTM:00/LNXSYBUS:00/PNP0A08:00/LNXVIDEO:00/input/input6/event4"
[    44.315] (II) XINPUT: Adding extended input device "Video Bus" (type: KEYBOARD, id 7)
[    44.315] (**) Option "xkb_model" "pc105"
[    44.315] (**) Option "xkb_layout" "us"
[    44.316] (II) event4  - Video Bus: is tagged by udev as: Keyboard
[    44.316] (II) event4  - Video Bus: device is a keyboard
[    44.316] (II) config/udev: Adding input device Power Button (/dev/input/event1)
[    44.317] (**) Power Button: Applying InputClass "libinput keyboard catchall"
[    44.317] (II) Using input driver 'libinput' for 'Power Button'
[    44.318] (II) systemd-logind: got fd for /dev/input/event1 13:65 fd 25 paused 0
[    44.318] (**) Power Button: always reports core events
[    44.318] (**) Option "Device" "/dev/input/event1"
[    44.318] (**) Option "_source" "server/udev"
[    44.319] (II) event1  - Power Button: is tagged by udev as: Keyboard
[    44.319] (II) event1  - Power Button: device is a keyboard
[    44.319] (II) event1  - Power Button: device removed
[    44.319] (**) Option "config_info" "udev:/sys/devices/LNXSYSTM:00/LNXSYBUS:00/PNP0C0C:00/input/input1/event1"
[    44.319] (II) XINPUT: Adding extended input device "Power Button" (type: KEYBOARD, id 8)
[    44.319] (**) Option "xkb_model" "pc105"
[    44.319] (**) Option "xkb_layout" "us"
[    44.320] (II) event1  - Power Button: is tagged by udev as: Keyboard
[    44.320] (II) event1  - Power Button: device is a keyboard
[    44.321] (II) config/udev: Adding input device Lid Switch (/dev/input/event0)
[    44.321] (II) No input driver specified, ignoring this device.
[    44.322] (II) This device may have been added with another device file.
[    44.322] (II) config/udev: Adding input device HDA Intel PCH Headphone (/dev/input/event9)
[    44.322] (II) No input driver specified, ignoring this device.
[    44.323] (II) This device may have been added with another device file.
[    44.323] (II) config/udev: Adding input device HDA Intel PCH HDMI/DP,pcm=3 (/dev/input/event10)
[    44.323] (II) No input driver specified, ignoring this device.
[    44.323] (II) This device may have been added with another device file.
[    44.324] (II) config/udev: Adding input device HDA Intel PCH Mic (/dev/input/event8)
[    44.324] (II) No input driver specified, ignoring this device.
[    44.324] (II) This device may have been added with another device file.
[    44.325] (II) config/udev: Adding input device HP Truevision HD: HP Truevision (/dev/input/event11)
[    44.325] (**) HP Truevision HD: HP Truevision: Applying InputClass "libinput keyboard catchall"
[    44.325] (II) Using input driver 'libinput' for 'HP Truevision HD: HP Truevision'
[    44.328] (II) systemd-logind: got fd for /dev/input/event11 13:75 fd 26 paused 0
[    44.330] (**) HP Truevision HD: HP Truevision: always reports core events
[    44.332] (**) Option "Device" "/dev/input/event11"
[    44.333] (**) Option "_source" "server/udev"
[    44.334] (II) event11 - HP Truevision HD: HP Truevision: is tagged by udev as: Keyboard
[    44.334] (II) event11 - HP Truevision HD: HP Truevision: device is a keyboard
[    44.334] (II) event11 - HP Truevision HD: HP Truevision: device removed
[    44.334] (**) Option "config_info" "udev:/sys/devices/pci0000:00/0000:00:1d.0/usb2/2-1/2-1.3/2-1.3:1.0/input/input12/event11"
[    44.334] (II) XINPUT: Adding extended input device "HP Truevision HD: HP Truevision" (type: KEYBOARD, id 9)
[    44.334] (**) Option "xkb_model" "pc105"
[    44.334] (**) Option "xkb_layout" "us"
[    44.334] (II) event11 - HP Truevision HD: HP Truevision: is tagged by udev as: Keyboard
[    44.334] (II) event11 - HP Truevision HD: HP Truevision: device is a keyboard
[    44.335] (II) config/udev: Adding input device AT Translated Set 2 keyboard (/dev/input/event3)
[    44.335] (**) AT Translated Set 2 keyboard: Applying InputClass "libinput keyboard catchall"
[    44.335] (II) Using input driver 'libinput' for 'AT Translated Set 2 keyboard'
[    44.336] (II) systemd-logind: got fd for /dev/input/event3 13:67 fd 27 paused 0
[    44.336] (**) AT Translated Set 2 keyboard: always reports core events
[    44.336] (**) Option "Device" "/dev/input/event3"
[    44.336] (**) Option "_source" "server/udev"
[    44.337] (II) event3  - AT Translated Set 2 keyboard: is tagged by udev as: Keyboard
[    44.337] (II) event3  - AT Translated Set 2 keyboard: device is a keyboard
[    44.337] (II) event3  - AT Translated Set 2 keyboard: device removed
[    44.337] (**) Option "config_info" "udev:/sys/devices/platform/i8042/serio0/input/input3/event3"
[    44.337] (II) XINPUT: Adding extended input device "AT Translated Set 2 keyboard" (type: KEYBOARD, id 10)
[    44.337] (**) Option "xkb_model" "pc105"
[    44.337] (**) Option "xkb_layout" "us"
[    44.337] (II) event3  - AT Translated Set 2 keyboard: is tagged by udev as: Keyboard
[    44.337] (II) event3  - AT Translated Set 2 keyboard: device is a keyboard
[    44.338] (II) config/udev: Adding input device SynPS/2 Synaptics TouchPad (/dev/input/event5)
[    44.338] (**) SynPS/2 Synaptics TouchPad: Applying InputClass "libinput touchpad catchall"
[    44.338] (II) Using input driver 'libinput' for 'SynPS/2 Synaptics TouchPad'
[    44.339] (II) systemd-logind: got fd for /dev/input/event5 13:69 fd 28 paused 0
[    44.339] (**) SynPS/2 Synaptics TouchPad: always reports core events
[    44.339] (**) Option "Device" "/dev/input/event5"
[    44.339] (**) Option "_source" "server/udev"
[    44.339] (II) event5  - SynPS/2 Synaptics TouchPad: is tagged by udev as: Touchpad
[    44.339] (II) event5  - SynPS/2 Synaptics TouchPad: device is a touchpad
[    44.339] (II) event5  - SynPS/2 Synaptics TouchPad: device removed
[    44.339] (**) Option "config_info" "udev:/sys/devices/platform/i8042/serio1/input/input5/event5"
[    44.339] (II) XINPUT: Adding extended input device "SynPS/2 Synaptics TouchPad" (type: TOUCHPAD, id 11)
[    44.340] (**) Option "AccelerationScheme" "none"
[    44.340] (**) SynPS/2 Synaptics TouchPad: (accel) selected scheme none/0
[    44.340] (**) SynPS/2 Synaptics TouchPad: (accel) acceleration factor: 2.000
[    44.340] (**) SynPS/2 Synaptics TouchPad: (accel) acceleration threshold: 4
[    44.340] (II) event5  - SynPS/2 Synaptics TouchPad: is tagged by udev as: Touchpad
[    44.340] (II) event5  - SynPS/2 Synaptics TouchPad: device is a touchpad
[    44.341] (II) config/udev: Adding input device SynPS/2 Synaptics TouchPad (/dev/input/mouse0)
[    44.341] (II) No input driver specified, ignoring this device.
[    44.341] (II) This device may have been added with another device file.
[    44.343] (II) config/udev: Adding input device HP Wireless hotkeys (/dev/input/event6)
[    44.343] (**) HP Wireless hotkeys: Applying InputClass "libinput keyboard catchall"
[    44.343] (II) Using input driver 'libinput' for 'HP Wireless hotkeys'
[    44.344] (II) systemd-logind: got fd for /dev/input/event6 13:70 fd 29 paused 0
[    44.344] (**) HP Wireless hotkeys: always reports core events
[    44.344] (**) Option "Device" "/dev/input/event6"
[    44.344] (**) Option "_source" "server/udev"
[    44.345] (II) event6  - HP Wireless hotkeys: is tagged by udev as: Keyboard
[    44.345] (II) event6  - HP Wireless hotkeys: device is a keyboard
[    44.345] (II) event6  - HP Wireless hotkeys: device removed
[    44.345] (**) Option "config_info" "udev:/sys/devices/virtual/input/input7/event6"
[    44.345] (II) XINPUT: Adding extended input device "HP Wireless hotkeys" (type: KEYBOARD, id 12)
[    44.345] (**) Option "xkb_model" "pc105"
[    44.345] (**) Option "xkb_layout" "us"
[    44.345] (II) event6  - HP Wireless hotkeys: is tagged by udev as: Keyboard
[    44.345] (II) event6  - HP Wireless hotkeys: device is a keyboard
[    44.346] (II) config/udev: Adding input device HP WMI hotkeys (/dev/input/event7)
[    44.346] (**) HP WMI hotkeys: Applying InputClass "libinput keyboard catchall"
[    44.346] (II) Using input driver 'libinput' for 'HP WMI hotkeys'
[    44.346] (II) systemd-logind: got fd for /dev/input/event7 13:71 fd 30 paused 0
[    44.346] (**) HP WMI hotkeys: always reports core events
[    44.346] (**) Option "Device" "/dev/input/event7"
[    44.346] (**) Option "_source" "server/udev"
[    44.347] (II) event7  - HP WMI hotkeys: is tagged by udev as: Keyboard Switch
[    44.347] (II) event7  - HP WMI hotkeys: device is a keyboard
[    44.347] (II) event7  - HP WMI hotkeys: device removed
[    44.347] (**) Option "config_info" "udev:/sys/devices/virtual/input/input8/event7"
[    44.347] (II) XINPUT: Adding extended input device "HP WMI hotkeys" (type: KEYBOARD, id 13)
[    44.347] (**) Option "xkb_model" "pc105"
[    44.347] (**) Option "xkb_layout" "us"
[    44.347] (II) event7  - HP WMI hotkeys: is tagged by udev as: Keyboard Switch
[    44.347] (II) event7  - HP WMI hotkeys: device is a keyboard
[    45.065] (II) modeset(0): EDID vendor "SEC", prod id 12890
[    45.065] (II) modeset(0): Printing DDC gathered Modelines:
[    45.065] (II) modeset(0): Modeline "1366x768"x0.0   76.30  1366 1430 1478 1606  768 770 775 792 -hsync -vsync (47.5 kHz eP)
[    45.065] (II) modeset(0): Modeline "1366x768"x0.0   50.80  1366 1430 1478 1606  768 770 775 792 -hsync -vsync (31.6 kHz e)
