[2019-01-08T13:20:37.594Z] starting `/usr/local/lib/heroku/bin/heroku update --autoupdate` from /usr/local/lib/heroku/bin/run version
waiting until 2019-01-08T14:20:37.570Z to update
waiting until 2019-01-08T14:20:37.570Z to update
waiting until 2019-01-08T14:22:37.983Z to update
waiting until 2019-01-08T14:22:37.983Z to update
waiting until 2019-01-08T14:24:04.369Z to update
waiting until 2019-01-08T14:24:04.369Z to update
waiting until 2019-01-08T14:24:04.369Z to update
waiting until 2019-01-08T14:24:04.369Z to update
waiting until 2019-01-08T14:24:04.369Z to update
waiting until 2019-01-08T14:24:04.369Z to update
waiting until 2019-01-08T14:24:04.369Z to update
waiting until 2019-01-08T14:24:04.369Z to update
waiting until 2019-01-08T14:24:04.369Z to update
waiting until 2019-01-08T14:24:04.369Z to update
waiting until 2019-01-08T14:24:04.369Z to update
waiting until 2019-01-08T14:24:04.369Z to update
waiting until 2019-01-08T14:24:04.369Z to update
waiting until 2019-01-08T14:24:04.369Z to update
waiting until 2019-01-08T14:24:04.369Z to update
waiting until 2019-01-08T14:39:37.438Z to update
waiting until 2019-01-08T14:39:37.438Z to update
waiting until 2019-01-08T14:39:37.438Z to update
waiting until 2019-01-08T14:39:37.438Z to update
waiting until 2019-01-08T14:39:37.438Z to update
waiting until 2019-01-08T14:39:37.438Z to update
waiting until 2019-01-08T14:45:37.049Z to update
waiting until 2019-01-08T14:46:34.594Z to update
waiting until 2019-01-08T14:46:34.594Z to update
waiting until 2019-01-08T14:46:34.594Z to update
waiting until 2019-01-08T14:46:34.594Z to update
waiting until 2019-01-08T14:46:34.594Z to update
waiting until 2019-01-08T14:46:34.594Z to update
waiting until 2019-01-08T14:46:34.594Z to update
waiting until 2019-01-08T14:46:34.594Z to update
waiting until 2019-01-08T14:46:34.594Z to update
waiting until 2019-01-08T14:46:34.594Z to update
waiting until 2019-01-08T14:46:34.594Z to update
waiting until 2019-01-08T14:46:34.594Z to update
waiting until 2019-01-08T14:46:34.594Z to update
waiting until 2019-01-08T14:46:34.594Z to update
waiting until 2019-01-08T14:46:34.594Z to update
waiting until 2019-01-08T14:46:34.594Z to update
waiting until 2019-01-08T14:46:34.594Z to update
waiting until 2019-01-08T14:46:34.594Z to update
waiting until 2019-01-08T14:46:34.594Z to update
waiting until 2019-01-08T14:46:34.594Z to update
waiting until 2019-01-08T14:46:34.594Z to update
waiting until 2019-01-08T14:46:34.594Z to update
waiting until 2019-01-08T14:46:34.594Z to update
waiting until 2019-01-08T14:46:34.594Z to update
waiting until 2019-01-08T14:46:34.594Z to update
waiting until 2019-01-08T14:46:34.594Z to update
waiting until 2019-01-08T14:46:34.594Z to update
waiting until 2019-01-08T14:46:34.594Z to update
waiting until 2019-01-08T14:46:34.594Z to update
waiting until 2019-01-08T14:46:34.594Z to update
waiting until 2019-01-08T14:46:34.594Z to update
waiting until 2019-01-08T14:46:34.594Z to update
waiting until 2019-01-08T14:46:34.594Z to update
waiting until 2019-01-08T14:46:34.594Z to update
waiting until 2019-01-08T14:46:34.594Z to update
waiting until 2019-01-08T14:46:34.594Z to update
waiting until 2019-01-08T14:46:34.594Z to update
waiting until 2019-01-08T14:46:34.594Z to update
waiting until 2019-01-08T14:46:34.594Z to update
waiting until 2019-01-08T14:46:34.594Z to update
waiting until 2019-01-08T14:46:34.594Z to update
waiting until 2019-01-08T14:46:34.594Z to update
waiting until 2019-01-08T14:46:34.594Z to update
waiting until 2019-01-08T14:46:34.594Z to update
waiting until 2019-01-08T14:46:34.594Z to update
waiting until 2019-01-08T14:46:34.594Z to update
waiting until 2019-01-08T14:46:34.594Z to update
waiting until 2019-01-08T14:46:34.594Z to update
waiting until 2019-01-08T14:46:34.594Z to update
waiting until 2019-01-08T14:46:34.594Z to update
waiting until 2019-01-08T14:46:34.594Z to update
waiting until 2019-01-08T14:46:34.594Z to update
waiting until 2019-01-08T14:46:34.594Z to update
waiting until 2019-01-08T14:46:34.594Z to update
waiting until 2019-01-08T14:46:34.594Z to update
waiting until 2019-01-08T14:46:34.594Z to update
waiting until 2019-01-08T14:46:34.594Z to update
waiting until 2019-01-08T14:46:34.594Z to update
waiting until 2019-01-08T14:46:34.594Z to update
waiting until 2019-01-08T14:46:34.594Z to update
time to update
heroku: Updating CLI... already on latest version: 7.19.4
Updating completions...
Updating completions... done
